#
# There is insufficient memory for the Java Runtime Environment to continue.
# Native memory allocation (malloc) failed to allocate 2097152 bytes. Error detail: AllocateHeap
# Possible reasons:
#   The system is out of physical RAM or swap space
#   This process is running with CompressedOops enabled, and the Java Heap may be blocking the growth of the native heap
# Possible solutions:
#   Reduce memory load on the system
#   Increase physical memory or swap space
#   Check if swap backing store is full
#   Decrease Java heap size (-Xmx/-Xms)
#   Decrease number of Java threads
#   Decrease Java thread stack sizes (-Xss)
#   Set larger code cache with -XX:ReservedCodeCacheSize=
#   JVM is running with Unscaled Compressed Oops mode in which the Java heap is
#     placed in the first 4GB address space. The Java Heap base address is the
#     maximum limit for the native heap growth. Please use -XX:HeapBaseMinAddress
#     to set the Java Heap base and to place the Java Heap above 4GB virtual address.
# This output file may be truncated or incomplete.
#
#  Out of Memory Error (allocation.cpp:44), pid=17560, tid=17984
#
# JRE version: OpenJDK Runtime Environment Temurin-17.0.11+9 (17.0.11+9) (build 17.0.11+9)
# Java VM: OpenJDK 64-Bit Server VM Temurin-17.0.11+9 (17.0.11+9, mixed mode, emulated-client, tiered, compressed oops, compressed class ptrs, g1 gc, windows-amd64)
# No core dump will be written. Minidumps are not enabled by default on client versions of Windows
#

---------------  S U M M A R Y ------------

Command Line: -Xmx1024m -Dsts.lsp.client=vscode -Dsts.log.file=/dev/null -XX:TieredStopAtLevel=1 -Xlog:jni+resolve=off -Dspring.config.location=file:c:\Users\admin\.vscode\extensions\vmware.vscode-spring-boot-1.55.0\language-server\BOOT-INF\classes\application.properties org.springframework.ide.vscode.boot.app.BootLanguageServerBootApp

Host: AMD Ryzen 5 4500U with Radeon Graphics         , 6 cores, 7G,  Windows 11 , 64 bit Build 22621 (10.0.22621.3527)
Time: Thu Jun 20 18:29:43 2024 SE Asia Standard Time elapsed time: 255290.067835 seconds (2d 22h 54m 50s)

---------------  T H R E A D  ---------------

Current thread (0x000002076a685d30):  VMThread "VM Thread" [stack: 0x0000007701200000,0x0000007701300000] [id=17984]

Stack: [0x0000007701200000,0x0000007701300000]
Native frames: (J=compiled Java code, j=interpreted, Vv=VM code, C=native code)
V  [jvm.dll+0x67d429]
V  [jvm.dll+0x834b7a]
V  [jvm.dll+0x83663e]
V  [jvm.dll+0x836ca3]
V  [jvm.dll+0x247dbf]
V  [jvm.dll+0xa6cb3]
V  [jvm.dll+0x2f8b61]
V  [jvm.dll+0x2f4750]
V  [jvm.dll+0x2dcf67]
V  [jvm.dll+0x31fb67]
V  [jvm.dll+0x83b19b]
V  [jvm.dll+0x83bed2]
V  [jvm.dll+0x83c3ed]
V  [jvm.dll+0x83c7c4]
V  [jvm.dll+0x83c890]
V  [jvm.dll+0x7e410a]
V  [jvm.dll+0x67c315]
C  [ucrtbase.dll+0x29333]
C  [KERNEL32.DLL+0x1257d]
C  [ntdll.dll+0x5aa48]

VM_Operation (0x00000077027fef70): G1CollectFull, mode: safepoint, requested by thread 0x00000207703cd0d0


---------------  P R O C E S S  ---------------

Threads class SMR info:
_java_thread_list=0x000002077492d770, length=26, elements={
0x000002076a6a8380, 0x000002076a6a9200, 0x000002076a6e2010, 0x000002076a6e2e90,
0x000002076a6e4860, 0x000002076a7fa890, 0x000002076a7fb160, 0x000002076a7fca80,
0x000002076aa290c0, 0x000002076aa2cf50, 0x00000207702d5850, 0x00000207703cd0d0,
0x00000207703cd9c0, 0x000002075fd1ace0, 0x000002077042c550, 0x000002076fa65590,
0x000002077044fee0, 0x0000020770451320, 0x00000207704503f0, 0x000002077044eaa0,
0x0000020770450900, 0x00000207704e70b0, 0x00000207704e84f0, 0x00000207704ebca0,
0x00000207704e6180, 0x00000207704ed5f0
}

Java Threads: ( => current thread )
  0x000002076a6a8380 JavaThread "Reference Handler" daemon [_thread_blocked, id=2216, stack(0x0000007701300000,0x0000007701400000)]
  0x000002076a6a9200 JavaThread "Finalizer" daemon [_thread_blocked, id=5748, stack(0x0000007701400000,0x0000007701500000)]
  0x000002076a6e2010 JavaThread "Signal Dispatcher" daemon [_thread_blocked, id=24220, stack(0x0000007701500000,0x0000007701600000)]
  0x000002076a6e2e90 JavaThread "Attach Listener" daemon [_thread_blocked, id=13708, stack(0x0000007701600000,0x0000007701700000)]
  0x000002076a6e4860 JavaThread "Service Thread" daemon [_thread_blocked, id=18428, stack(0x0000007701700000,0x0000007701800000)]
  0x000002076a7fa890 JavaThread "Monitor Deflation Thread" daemon [_thread_blocked, id=24236, stack(0x0000007701800000,0x0000007701900000)]
  0x000002076a7fb160 JavaThread "C1 CompilerThread0" daemon [_thread_blocked, id=22756, stack(0x0000007701900000,0x0000007701a00000)]
  0x000002076a7fca80 JavaThread "Sweeper thread" daemon [_thread_blocked, id=1720, stack(0x0000007701a00000,0x0000007701b00000)]
  0x000002076aa290c0 JavaThread "Notification Thread" daemon [_thread_blocked, id=19460, stack(0x0000007701d00000,0x0000007701e00000)]
  0x000002076aa2cf50 JavaThread "Common-Cleaner" daemon [_thread_blocked, id=8908, stack(0x0000007701f00000,0x0000007702000000)]
  0x00000207702d5850 JavaThread "boundedElastic-evictor-1" daemon [_thread_blocked, id=7364, stack(0x0000007702600000,0x0000007702700000)]
  0x00000207703cd0d0 JavaThread "pool-13-thread-1" [_thread_blocked, id=24852, stack(0x0000007702700000,0x0000007702800000)]
  0x00000207703cd9c0 JavaThread "LanguageServerApp-lifecycle" [_thread_blocked, id=22492, stack(0x0000007702800000,0x0000007702900000)]
  0x000002075fd1ace0 JavaThread "DestroyJavaVM" [_thread_blocked, id=25948, stack(0x0000007700c00000,0x0000007700d00000)]
  0x000002077042c550 JavaThread "pool-14-thread-1" [_thread_in_native, id=14708, stack(0x0000007702900000,0x0000007702a00000)]
  0x000002076fa65590 JavaThread "Simple-Language-Server main thread" daemon [_thread_blocked, id=4416, stack(0x0000007702a00000,0x0000007702b00000)]
  0x000002077044fee0 JavaThread "pool-8-thread-1" [_thread_blocked, id=22964, stack(0x0000007702d00000,0x0000007702e00000)]
  0x0000020770451320 JavaThread "parallel-1" daemon [_thread_blocked, id=25052, stack(0x0000007702e00000,0x0000007702f00000)]
  0x00000207704503f0 JavaThread "pool-6-thread-1" [_thread_blocked, id=28548, stack(0x0000007702f00000,0x0000007703000000)]
  0x000002077044eaa0 JavaThread "parallel-2" daemon [_thread_blocked, id=23932, stack(0x0000007703000000,0x0000007703100000)]
  0x0000020770450900 JavaThread "parallel-3" daemon [_thread_blocked, id=19312, stack(0x0000007703100000,0x0000007703200000)]
  0x00000207704e70b0 JavaThread "parallel-4" daemon [_thread_blocked, id=10892, stack(0x0000007703800000,0x0000007703900000)]
  0x00000207704e84f0 JavaThread "parallel-5" daemon [_thread_blocked, id=26428, stack(0x0000007703900000,0x0000007703a00000)]
  0x00000207704ebca0 JavaThread "Reconciler-1" daemon [_thread_blocked, id=5924, stack(0x0000007703b00000,0x0000007703c00000)]
  0x00000207704e6180 JavaThread "parallel-6" daemon [_thread_blocked, id=23884, stack(0x0000007700a00000,0x0000007700b00000)]
  0x00000207704ed5f0 JavaThread "CompletableFutureDelayScheduler" daemon [_thread_blocked, id=11100, stack(0x0000007704200000,0x0000007704300000)]

Other Threads:
=>0x000002076a685d30 VMThread "VM Thread" [stack: 0x0000007701200000,0x0000007701300000] [id=17984]
  0x000002076aa2b5b0 WatcherThread [stack: 0x0000007701e00000,0x0000007701f00000] [id=9176]
  0x000002075fd57dc0 GCTaskThread "GC Thread#0" [stack: 0x0000007700d00000,0x0000007700e00000] [id=20052]
  0x000002076f8203f0 GCTaskThread "GC Thread#1" [stack: 0x0000007701c00000,0x0000007701d00000] [id=5608]
  0x000002076a8ec3f0 GCTaskThread "GC Thread#2" [stack: 0x0000007702000000,0x0000007702100000] [id=15540]
  0x000002076a93c100 GCTaskThread "GC Thread#3" [stack: 0x0000007702100000,0x0000007702200000] [id=2520]
  0x000002076f817cc0 GCTaskThread "GC Thread#4" [stack: 0x0000007702200000,0x0000007702300000] [id=20068]
  0x000002076f747940 GCTaskThread "GC Thread#5" [stack: 0x0000007702300000,0x0000007702400000] [id=21980]
  0x000002075fd60d10 ConcurrentGCThread "G1 Main Marker" [stack: 0x0000007700e00000,0x0000007700f00000] [id=14820]
  0x000002075fd61730 ConcurrentGCThread "G1 Conc#0" [stack: 0x0000007700f00000,0x0000007701000000] [id=23276]
  0x000002076f7e9e60 ConcurrentGCThread "G1 Conc#1" [stack: 0x0000007702500000,0x0000007702600000] [id=27124]
  0x000002075fdbd820 ConcurrentGCThread "G1 Refine#0" [stack: 0x0000007701000000,0x0000007701100000] [id=19652]
  0x000002075fdbe250 ConcurrentGCThread "G1 Service" [stack: 0x0000007701100000,0x0000007701200000] [id=13116]

Threads with active compile tasks:

VM state: at safepoint (normal execution)

VM Mutex/Monitor currently owned by a thread:  ([mutex/lock_event])
[0x000002075dacb010] Threads_lock - owner thread: 0x000002076a685d30
[0x000002075dacb910] Heap_lock - owner thread: 0x00000207703cd0d0

Heap address: 0x00000000c0000000, size: 1024 MB, Compressed Oops mode: 32-bit

CDS archive(s) not mapped
Compressed class space mapped at: 0x0000000100000000-0x0000000140000000, reserved size: 1073741824
Narrow klass base: 0x0000000000000000, Narrow klass shift: 3, Narrow klass range: 0x140000000

GC Precious Log:
 CPUs: 6 total, 6 available
 Memory: 7600M
 Large Page Support: Disabled
 NUMA Support: Disabled
 Compressed Oops: Enabled (32-bit)
 Heap Region Size: 1M
 Heap Min Capacity: 8M
 Heap Initial Capacity: 120M
 Heap Max Capacity: 1G
 Pre-touch: Disabled
 Parallel Workers: 6
 Concurrent Workers: 2
 Concurrent Refinement Workers: 6
 Periodic GC: Disabled

Heap:
 garbage-first heap   total 133120K, used 47136K [0x00000000c0000000, 0x0000000100000000)
  region size 1024K, 1 young (1024K), 0 survivors (0K)
 Metaspace       used 67475K, committed 67968K, reserved 1114112K
  class space    used 8930K, committed 9152K, reserved 1048576K

Heap Regions: E=young(eden), S=young(survivor), O=old, HS=humongous(starts), HC=humongous(continues), CS=collection set, F=free, OA=open archive, CA=closed archive, TAMS=top-at-mark-start (previous, next)
|   0|0x00000000c0000000, 0x00000000c0100000, 0x00000000c0100000|100%|HS|  |TAMS 0x00000000c0100000, 0x00000000c0000000| Untracked 
|   1|0x00000000c0100000, 0x00000000c0200000, 0x00000000c0200000|100%|HC|  |TAMS 0x00000000c0200000, 0x00000000c0100000| Untracked 
|   2|0x00000000c0200000, 0x00000000c0300000, 0x00000000c0300000|100%|HC|  |TAMS 0x00000000c0300000, 0x00000000c0200000| Untracked 
|   3|0x00000000c0300000, 0x00000000c0400000, 0x00000000c0400000|100%|HC|  |TAMS 0x00000000c0400000, 0x00000000c0300000| Untracked 
|   4|0x00000000c0400000, 0x00000000c0500000, 0x00000000c0500000|100%|HS|  |TAMS 0x00000000c0500000, 0x00000000c0400000| Untracked 
|   5|0x00000000c0500000, 0x00000000c0600000, 0x00000000c0600000|100%|HC|  |TAMS 0x00000000c0600000, 0x00000000c0500000| Untracked 
|   6|0x00000000c0600000, 0x00000000c06fe260, 0x00000000c0700000| 99%| O|  |TAMS 0x00000000c06fe260, 0x00000000c0600000| Untracked 
|   7|0x00000000c0700000, 0x00000000c0800000, 0x00000000c0800000|100%| O|  |TAMS 0x00000000c0800000, 0x00000000c0700000| Untracked 
|   8|0x00000000c0800000, 0x00000000c08ffff0, 0x00000000c0900000| 99%| O|  |TAMS 0x00000000c08ffff0, 0x00000000c0800000| Untracked 
|   9|0x00000000c0900000, 0x00000000c0a00000, 0x00000000c0a00000|100%| O|  |TAMS 0x00000000c0a00000, 0x00000000c0900000| Untracked 
|  10|0x00000000c0a00000, 0x00000000c0affff0, 0x00000000c0b00000| 99%| O|  |TAMS 0x00000000c0affff0, 0x00000000c0a00000| Untracked 
|  11|0x00000000c0b00000, 0x00000000c0c00000, 0x00000000c0c00000|100%| O|  |TAMS 0x00000000c0c00000, 0x00000000c0b00000| Untracked 
|  12|0x00000000c0c00000, 0x00000000c0cfffd0, 0x00000000c0d00000| 99%| O|  |TAMS 0x00000000c0cfffd0, 0x00000000c0c00000| Untracked 
|  13|0x00000000c0d00000, 0x00000000c0e00000, 0x00000000c0e00000|100%| O|  |TAMS 0x00000000c0e00000, 0x00000000c0d00000| Untracked 
|  14|0x00000000c0e00000, 0x00000000c0f00000, 0x00000000c0f00000|100%| O|  |TAMS 0x00000000c0f00000, 0x00000000c0e00000| Untracked 
|  15|0x00000000c0f00000, 0x00000000c0fffff0, 0x00000000c1000000| 99%| O|  |TAMS 0x00000000c0fffff0, 0x00000000c0f00000| Untracked 
|  16|0x00000000c1000000, 0x00000000c10fffc8, 0x00000000c1100000| 99%| O|  |TAMS 0x00000000c10fffc8, 0x00000000c1000000| Untracked 
|  17|0x00000000c1100000, 0x00000000c11ffff8, 0x00000000c1200000| 99%| O|  |TAMS 0x00000000c11ffff8, 0x00000000c1100000| Untracked 
|  18|0x00000000c1200000, 0x00000000c12fffe0, 0x00000000c1300000| 99%| O|  |TAMS 0x00000000c12fffe0, 0x00000000c1200000| Untracked 
|  19|0x00000000c1300000, 0x00000000c1400000, 0x00000000c1400000|100%| O|  |TAMS 0x00000000c1400000, 0x00000000c1300000| Untracked 
|  20|0x00000000c1400000, 0x00000000c14ff5b8, 0x00000000c1500000| 99%| O|  |TAMS 0x00000000c14ff5b8, 0x00000000c1400000| Untracked 
|  21|0x00000000c1500000, 0x00000000c15fffe8, 0x00000000c1600000| 99%| O|  |TAMS 0x00000000c15fffe8, 0x00000000c1500000| Untracked 
|  22|0x00000000c1600000, 0x00000000c16ffff0, 0x00000000c1700000| 99%| O|  |TAMS 0x00000000c16ffff0, 0x00000000c1600000| Untracked 
|  23|0x00000000c1700000, 0x00000000c17fffe8, 0x00000000c1800000| 99%| O|  |TAMS 0x00000000c17fffe8, 0x00000000c1700000| Untracked 
|  24|0x00000000c1800000, 0x00000000c18fffc0, 0x00000000c1900000| 99%| O|  |TAMS 0x00000000c18fffc0, 0x00000000c1800000| Untracked 
|  25|0x00000000c1900000, 0x00000000c19ffff8, 0x00000000c1a00000| 99%| O|  |TAMS 0x00000000c19ffff8, 0x00000000c1900000| Untracked 
|  26|0x00000000c1a00000, 0x00000000c1b00000, 0x00000000c1b00000|100%| O|  |TAMS 0x00000000c1b00000, 0x00000000c1a00000| Untracked 
|  27|0x00000000c1b00000, 0x00000000c1bffff8, 0x00000000c1c00000| 99%| O|  |TAMS 0x00000000c1bffff8, 0x00000000c1b00000| Untracked 
|  28|0x00000000c1c00000, 0x00000000c1cffff8, 0x00000000c1d00000| 99%| O|  |TAMS 0x00000000c1cffff8, 0x00000000c1c00000| Untracked 
|  29|0x00000000c1d00000, 0x00000000c1e00000, 0x00000000c1e00000|100%| O|  |TAMS 0x00000000c1e00000, 0x00000000c1d00000| Untracked 
|  30|0x00000000c1e00000, 0x00000000c1effff0, 0x00000000c1f00000| 99%| O|  |TAMS 0x00000000c1effff0, 0x00000000c1e00000| Untracked 
|  31|0x00000000c1f00000, 0x00000000c1ffffd0, 0x00000000c2000000| 99%| O|  |TAMS 0x00000000c1ffffd0, 0x00000000c1f00000| Untracked 
|  32|0x00000000c2000000, 0x00000000c20ffff0, 0x00000000c2100000| 99%| O|  |TAMS 0x00000000c20ffff0, 0x00000000c2000000| Untracked 
|  33|0x00000000c2100000, 0x00000000c2200000, 0x00000000c2200000|100%| O|  |TAMS 0x00000000c2200000, 0x00000000c2100000| Untracked 
|  34|0x00000000c2200000, 0x00000000c22ffff8, 0x00000000c2300000| 99%| O|  |TAMS 0x00000000c22ffff8, 0x00000000c2200000| Untracked 
|  35|0x00000000c2300000, 0x00000000c23ffff8, 0x00000000c2400000| 99%| O|  |TAMS 0x00000000c23ffff8, 0x00000000c2300000| Untracked 
|  36|0x00000000c2400000, 0x00000000c2500000, 0x00000000c2500000|100%|HS|  |TAMS 0x00000000c2500000, 0x00000000c2400000| Untracked 
|  37|0x00000000c2500000, 0x00000000c2600000, 0x00000000c2600000|100%| O|  |TAMS 0x00000000c2600000, 0x00000000c2500000| Untracked 
|  38|0x00000000c2600000, 0x00000000c26fcbf0, 0x00000000c2700000| 98%| O|  |TAMS 0x00000000c26fcbf0, 0x00000000c2600000| Untracked 
|  39|0x00000000c2700000, 0x00000000c27ffff8, 0x00000000c2800000| 99%| O|  |TAMS 0x00000000c27ffff8, 0x00000000c2700000| Untracked 
|  40|0x00000000c2800000, 0x00000000c28f7b70, 0x00000000c2900000| 96%| O|  |TAMS 0x00000000c28f7b70, 0x00000000c2800000| Untracked 
|  41|0x00000000c2900000, 0x00000000c2a00000, 0x00000000c2a00000|100%| O|  |TAMS 0x00000000c2a00000, 0x00000000c2900000| Untracked 
|  42|0x00000000c2a00000, 0x00000000c2ac7fa0, 0x00000000c2b00000| 78%| O|  |TAMS 0x00000000c2a00000, 0x00000000c2a00000| Untracked 
|  43|0x00000000c2b00000, 0x00000000c2b52178, 0x00000000c2c00000| 32%| O|  |TAMS 0x00000000c2b00000, 0x00000000c2b00000| Untracked 
|  44|0x00000000c2c00000, 0x00000000c2d00000, 0x00000000c2d00000|100%| O|  |TAMS 0x00000000c2d00000, 0x00000000c2c00000| Untracked 
|  45|0x00000000c2d00000, 0x00000000c2d00000, 0x00000000c2e00000|  0%| F|  |TAMS 0x00000000c2d00000, 0x00000000c2d00000| Untracked 
|  46|0x00000000c2e00000, 0x00000000c2e00000, 0x00000000c2f00000|  0%| F|  |TAMS 0x00000000c2e00000, 0x00000000c2e00000| Untracked 
|  47|0x00000000c2f00000, 0x00000000c2f00000, 0x00000000c3000000|  0%| F|  |TAMS 0x00000000c2f00000, 0x00000000c2f00000| Untracked 
|  48|0x00000000c3000000, 0x00000000c3000000, 0x00000000c3100000|  0%| F|  |TAMS 0x00000000c3000000, 0x00000000c3000000| Untracked 
|  49|0x00000000c3100000, 0x00000000c3100000, 0x00000000c3200000|  0%| F|  |TAMS 0x00000000c3100000, 0x00000000c3100000| Untracked 
|  50|0x00000000c3200000, 0x00000000c3200000, 0x00000000c3300000|  0%| F|  |TAMS 0x00000000c3200000, 0x00000000c3200000| Untracked 
|  51|0x00000000c3300000, 0x00000000c3300000, 0x00000000c3400000|  0%| F|  |TAMS 0x00000000c3300000, 0x00000000c3300000| Untracked 
|  52|0x00000000c3400000, 0x00000000c3400000, 0x00000000c3500000|  0%| F|  |TAMS 0x00000000c3400000, 0x00000000c3400000| Untracked 
|  53|0x00000000c3500000, 0x00000000c3500000, 0x00000000c3600000|  0%| F|  |TAMS 0x00000000c3500000, 0x00000000c3500000| Untracked 
|  54|0x00000000c3600000, 0x00000000c3600000, 0x00000000c3700000|  0%| F|  |TAMS 0x00000000c3600000, 0x00000000c3600000| Untracked 
|  55|0x00000000c3700000, 0x00000000c3700000, 0x00000000c3800000|  0%| F|  |TAMS 0x00000000c3700000, 0x00000000c3700000| Untracked 
|  56|0x00000000c3800000, 0x00000000c3800000, 0x00000000c3900000|  0%| F|  |TAMS 0x00000000c3800000, 0x00000000c3800000| Untracked 
|  57|0x00000000c3900000, 0x00000000c3900000, 0x00000000c3a00000|  0%| F|  |TAMS 0x00000000c3900000, 0x00000000c3900000| Untracked 
|  58|0x00000000c3a00000, 0x00000000c3a00000, 0x00000000c3b00000|  0%| F|  |TAMS 0x00000000c3a00000, 0x00000000c3a00000| Untracked 
|  59|0x00000000c3b00000, 0x00000000c3b00000, 0x00000000c3c00000|  0%| F|  |TAMS 0x00000000c3b00000, 0x00000000c3b00000| Untracked 
|  60|0x00000000c3c00000, 0x00000000c3c00000, 0x00000000c3d00000|  0%| F|  |TAMS 0x00000000c3c00000, 0x00000000c3c00000| Untracked 
|  61|0x00000000c3d00000, 0x00000000c3d00000, 0x00000000c3e00000|  0%| F|  |TAMS 0x00000000c3d00000, 0x00000000c3d00000| Untracked 
|  62|0x00000000c3e00000, 0x00000000c3e00000, 0x00000000c3f00000|  0%| F|  |TAMS 0x00000000c3e00000, 0x00000000c3e00000| Untracked 
|  63|0x00000000c3f00000, 0x00000000c3f00000, 0x00000000c4000000|  0%| F|  |TAMS 0x00000000c3f00000, 0x00000000c3f00000| Untracked 
|  64|0x00000000c4000000, 0x00000000c4000000, 0x00000000c4100000|  0%| F|  |TAMS 0x00000000c4000000, 0x00000000c4000000| Untracked 
|  65|0x00000000c4100000, 0x00000000c4100000, 0x00000000c4200000|  0%| F|  |TAMS 0x00000000c4100000, 0x00000000c4100000| Untracked 
|  66|0x00000000c4200000, 0x00000000c4200000, 0x00000000c4300000|  0%| F|  |TAMS 0x00000000c4200000, 0x00000000c4200000| Untracked 
|  67|0x00000000c4300000, 0x00000000c4300000, 0x00000000c4400000|  0%| F|  |TAMS 0x00000000c4300000, 0x00000000c4300000| Untracked 
|  68|0x00000000c4400000, 0x00000000c4400000, 0x00000000c4500000|  0%| F|  |TAMS 0x00000000c4400000, 0x00000000c4400000| Untracked 
|  69|0x00000000c4500000, 0x00000000c4500000, 0x00000000c4600000|  0%| F|  |TAMS 0x00000000c4500000, 0x00000000c4500000| Untracked 
|  70|0x00000000c4600000, 0x00000000c4600000, 0x00000000c4700000|  0%| F|  |TAMS 0x00000000c4600000, 0x00000000c4600000| Untracked 
|  71|0x00000000c4700000, 0x00000000c4700000, 0x00000000c4800000|  0%| F|  |TAMS 0x00000000c4700000, 0x00000000c4700000| Untracked 
|  72|0x00000000c4800000, 0x00000000c4800000, 0x00000000c4900000|  0%| F|  |TAMS 0x00000000c4800000, 0x00000000c4800000| Untracked 
|  73|0x00000000c4900000, 0x00000000c4900000, 0x00000000c4a00000|  0%| F|  |TAMS 0x00000000c4900000, 0x00000000c4900000| Untracked 
|  74|0x00000000c4a00000, 0x00000000c4a00000, 0x00000000c4b00000|  0%| F|  |TAMS 0x00000000c4a00000, 0x00000000c4a00000| Untracked 
|  75|0x00000000c4b00000, 0x00000000c4b00000, 0x00000000c4c00000|  0%| F|  |TAMS 0x00000000c4b00000, 0x00000000c4b00000| Untracked 
|  76|0x00000000c4c00000, 0x00000000c4c00000, 0x00000000c4d00000|  0%| F|  |TAMS 0x00000000c4c00000, 0x00000000c4c00000| Untracked 
|  77|0x00000000c4d00000, 0x00000000c4d00000, 0x00000000c4e00000|  0%| F|  |TAMS 0x00000000c4d00000, 0x00000000c4d00000| Untracked 
|  78|0x00000000c4e00000, 0x00000000c4e00000, 0x00000000c4f00000|  0%| F|  |TAMS 0x00000000c4e00000, 0x00000000c4e00000| Untracked 
|  79|0x00000000c4f00000, 0x00000000c4f00000, 0x00000000c5000000|  0%| F|  |TAMS 0x00000000c4f00000, 0x00000000c4f00000| Untracked 
|  80|0x00000000c5000000, 0x00000000c5000000, 0x00000000c5100000|  0%| F|  |TAMS 0x00000000c5000000, 0x00000000c5000000| Untracked 
|  81|0x00000000c5100000, 0x00000000c5100000, 0x00000000c5200000|  0%| F|  |TAMS 0x00000000c5100000, 0x00000000c5100000| Untracked 
|  82|0x00000000c5200000, 0x00000000c5200000, 0x00000000c5300000|  0%| F|  |TAMS 0x00000000c5200000, 0x00000000c5200000| Untracked 
|  83|0x00000000c5300000, 0x00000000c5300000, 0x00000000c5400000|  0%| F|  |TAMS 0x00000000c5300000, 0x00000000c5300000| Untracked 
|  84|0x00000000c5400000, 0x00000000c5400000, 0x00000000c5500000|  0%| F|  |TAMS 0x00000000c5400000, 0x00000000c5400000| Untracked 
|  85|0x00000000c5500000, 0x00000000c5500000, 0x00000000c5600000|  0%| F|  |TAMS 0x00000000c5500000, 0x00000000c5500000| Untracked 
|  86|0x00000000c5600000, 0x00000000c5600000, 0x00000000c5700000|  0%| F|  |TAMS 0x00000000c5600000, 0x00000000c5600000| Untracked 
|  87|0x00000000c5700000, 0x00000000c5700000, 0x00000000c5800000|  0%| F|  |TAMS 0x00000000c5700000, 0x00000000c5700000| Untracked 
|  88|0x00000000c5800000, 0x00000000c5800000, 0x00000000c5900000|  0%| F|  |TAMS 0x00000000c5800000, 0x00000000c5800000| Untracked 
|  89|0x00000000c5900000, 0x00000000c5900000, 0x00000000c5a00000|  0%| F|  |TAMS 0x00000000c5900000, 0x00000000c5900000| Untracked 
|  90|0x00000000c5a00000, 0x00000000c5a00000, 0x00000000c5b00000|  0%| F|  |TAMS 0x00000000c5a00000, 0x00000000c5a00000| Untracked 
|  91|0x00000000c5b00000, 0x00000000c5b00000, 0x00000000c5c00000|  0%| F|  |TAMS 0x00000000c5b00000, 0x00000000c5b00000| Untracked 
|  92|0x00000000c5c00000, 0x00000000c5c00000, 0x00000000c5d00000|  0%| F|  |TAMS 0x00000000c5c00000, 0x00000000c5c00000| Untracked 
|  93|0x00000000c5d00000, 0x00000000c5d00000, 0x00000000c5e00000|  0%| F|  |TAMS 0x00000000c5d00000, 0x00000000c5d00000| Untracked 
|  94|0x00000000c5e00000, 0x00000000c5e00000, 0x00000000c5f00000|  0%| F|  |TAMS 0x00000000c5e00000, 0x00000000c5e00000| Untracked 
|  95|0x00000000c5f00000, 0x00000000c5f00000, 0x00000000c6000000|  0%| F|  |TAMS 0x00000000c5f00000, 0x00000000c5f00000| Untracked 
|  96|0x00000000c6000000, 0x00000000c6000000, 0x00000000c6100000|  0%| F|  |TAMS 0x00000000c6000000, 0x00000000c6000000| Untracked 
|  97|0x00000000c6100000, 0x00000000c6100000, 0x00000000c6200000|  0%| F|  |TAMS 0x00000000c6100000, 0x00000000c6100000| Untracked 
|  98|0x00000000c6200000, 0x00000000c6200000, 0x00000000c6300000|  0%| F|  |TAMS 0x00000000c6200000, 0x00000000c6200000| Untracked 
|  99|0x00000000c6300000, 0x00000000c6300000, 0x00000000c6400000|  0%| F|  |TAMS 0x00000000c6300000, 0x00000000c6300000| Untracked 
| 100|0x00000000c6400000, 0x00000000c6400000, 0x00000000c6500000|  0%| F|  |TAMS 0x00000000c6400000, 0x00000000c6400000| Untracked 
| 101|0x00000000c6500000, 0x00000000c6500000, 0x00000000c6600000|  0%| F|  |TAMS 0x00000000c6500000, 0x00000000c6500000| Untracked 
| 102|0x00000000c6600000, 0x00000000c6600000, 0x00000000c6700000|  0%| F|  |TAMS 0x00000000c6600000, 0x00000000c6600000| Untracked 
| 103|0x00000000c6700000, 0x00000000c6700000, 0x00000000c6800000|  0%| F|  |TAMS 0x00000000c6700000, 0x00000000c6700000| Untracked 
| 104|0x00000000c6800000, 0x00000000c6800000, 0x00000000c6900000|  0%| F|  |TAMS 0x00000000c6800000, 0x00000000c6800000| Untracked 
| 105|0x00000000c6900000, 0x00000000c6900000, 0x00000000c6a00000|  0%| F|  |TAMS 0x00000000c6900000, 0x00000000c6900000| Untracked 
| 106|0x00000000c6a00000, 0x00000000c6a00000, 0x00000000c6b00000|  0%| F|  |TAMS 0x00000000c6a00000, 0x00000000c6a00000| Untracked 
| 107|0x00000000c6b00000, 0x00000000c6b00000, 0x00000000c6c00000|  0%| F|  |TAMS 0x00000000c6b00000, 0x00000000c6b00000| Untracked 
| 108|0x00000000c6c00000, 0x00000000c6c00000, 0x00000000c6d00000|  0%| F|  |TAMS 0x00000000c6c00000, 0x00000000c6c00000| Untracked 
| 109|0x00000000c6d00000, 0x00000000c6d00000, 0x00000000c6e00000|  0%| F|  |TAMS 0x00000000c6d00000, 0x00000000c6d00000| Untracked 
| 110|0x00000000c6e00000, 0x00000000c6e00000, 0x00000000c6f00000|  0%| F|  |TAMS 0x00000000c6e00000, 0x00000000c6e00000| Untracked 
| 111|0x00000000c6f00000, 0x00000000c6f00000, 0x00000000c7000000|  0%| F|  |TAMS 0x00000000c6f00000, 0x00000000c6f00000| Untracked 
| 112|0x00000000c7000000, 0x00000000c7000000, 0x00000000c7100000|  0%| F|  |TAMS 0x00000000c7000000, 0x00000000c7000000| Untracked 
| 113|0x00000000c7100000, 0x00000000c7100000, 0x00000000c7200000|  0%| F|  |TAMS 0x00000000c7100000, 0x00000000c7100000| Untracked 
| 114|0x00000000c7200000, 0x00000000c72fc2a0, 0x00000000c7300000| 98%| O|  |TAMS 0x00000000c72fc2a0, 0x00000000c7200000| Untracked 
| 115|0x00000000c7300000, 0x00000000c7300000, 0x00000000c7400000|  0%| F|  |TAMS 0x00000000c7300000, 0x00000000c7300000| Untracked 
| 116|0x00000000c7400000, 0x00000000c7400000, 0x00000000c7500000|  0%| F|  |TAMS 0x00000000c7400000, 0x00000000c7400000| Untracked 
| 117|0x00000000c7500000, 0x00000000c7500000, 0x00000000c7600000|  0%| F|  |TAMS 0x00000000c7500000, 0x00000000c7500000| Untracked 
| 118|0x00000000c7600000, 0x00000000c7600000, 0x00000000c7700000|  0%| F|  |TAMS 0x00000000c7600000, 0x00000000c7600000| Untracked 
| 119|0x00000000c7700000, 0x00000000c7700000, 0x00000000c7800000|  0%| F|  |TAMS 0x00000000c7700000, 0x00000000c7700000| Untracked 
| 120|0x00000000c7800000, 0x00000000c7800000, 0x00000000c7900000|  0%| F|  |TAMS 0x00000000c7800000, 0x00000000c7800000| Untracked 
| 121|0x00000000c7900000, 0x00000000c7900000, 0x00000000c7a00000|  0%| F|  |TAMS 0x00000000c7900000, 0x00000000c7900000| Untracked 
| 122|0x00000000c7a00000, 0x00000000c7a00000, 0x00000000c7b00000|  0%| F|  |TAMS 0x00000000c7a00000, 0x00000000c7a00000| Untracked 
| 123|0x00000000c7b00000, 0x00000000c7b00000, 0x00000000c7c00000|  0%| F|  |TAMS 0x00000000c7b00000, 0x00000000c7b00000| Untracked 
| 124|0x00000000c7c00000, 0x00000000c7c00000, 0x00000000c7d00000|  0%| F|  |TAMS 0x00000000c7c00000, 0x00000000c7c00000| Untracked 
| 125|0x00000000c7d00000, 0x00000000c7d00000, 0x00000000c7e00000|  0%| F|  |TAMS 0x00000000c7d00000, 0x00000000c7d00000| Untracked 
| 126|0x00000000c7e00000, 0x00000000c7f00000, 0x00000000c7f00000|100%| O|  |TAMS 0x00000000c7f00000, 0x00000000c7e00000| Untracked 
| 127|0x00000000c7f00000, 0x00000000c7f00000, 0x00000000c8000000|  0%| F|  |TAMS 0x00000000c7f00000, 0x00000000c7f00000| Untracked 
| 128|0x00000000c8000000, 0x00000000c8000000, 0x00000000c8100000|  0%| F|  |TAMS 0x00000000c8000000, 0x00000000c8000000| Untracked 
| 129|0x00000000c8100000, 0x00000000c81058a8, 0x00000000c8200000|  2%| E|  |TAMS 0x00000000c8100000, 0x00000000c8100000| Complete 

Card table byte_map: [0x0000020765ba0000,0x0000020765da0000] _byte_map_base: 0x00000207655a0000

Marking Bits (Prev, Next): (CMBitMap*) 0x000002075fd583e0, (CMBitMap*) 0x000002075fd58420
 Prev Bits: [0x0000020765fa0000, 0x0000020766fa0000)
 Next Bits: [0x0000020766fa0000, 0x0000020767fa0000)

Polling page: 0x000002075dc30000

Metaspace:

Usage:
  Non-class:     57.17 MB used.
      Class:      8.72 MB used.
       Both:     65.89 MB used.

Virtual space:
  Non-class space:       64.00 MB reserved,      57.44 MB ( 90%) committed,  1 nodes.
      Class space:        1.00 GB reserved,       8.94 MB ( <1%) committed,  1 nodes.
             Both:        1.06 GB reserved,      66.38 MB (  6%) committed. 

Chunk freelists:
   Non-Class:  6.43 MB
       Class:  7.08 MB
        Both:  13.51 MB

MaxMetaspaceSize: unlimited
CompressedClassSpaceSize: 1.00 GB
Initial GC threshold: 21.00 MB
Current GC threshold: 110.56 MB
CDS: off
MetaspaceReclaimPolicy: balanced
 - commit_granule_bytes: 65536.
 - commit_granule_words: 8192.
 - virtual_space_node_default_size: 8388608.
 - enlarge_chunks_in_place: 1.
 - new_chunks_are_fully_committed: 0.
 - uncommit_free_chunks: 1.
 - use_allocation_guard: 0.
 - handle_deallocations: 1.


Internal statistics:

num_allocs_failed_limit: 6.
num_arena_births: 1850.
num_arena_deaths: 1286.
num_vsnodes_births: 2.
num_vsnodes_deaths: 0.
num_space_committed: 1085.
num_space_uncommitted: 24.
num_chunks_returned_to_freelist: 1730.
num_chunks_taken_from_freelist: 4550.
num_chunk_merges: 678.
num_chunk_splits: 2681.
num_chunks_enlarged: 1682.
num_inconsistent_stats: 0.

CodeCache: size=49152Kb used=26738Kb max_used=27600Kb free=22413Kb
 bounds [0x00000207629a0000, 0x0000020764500000, 0x00000207659a0000]
 total_blobs=14193 nmethods=13504 adapters=613
 compilation: enabled
              stopped_count=0, restarted_count=0
 full_count=0

Compilation events (20 events):
Event: 204386.295 Thread 0x000002076a7fb160 13845   !   1       jdk.internal.reflect.GeneratedMethodAccessor288::invoke (80 bytes)
Event: 204386.303 Thread 0x000002076a7fb160 nmethod 13845 0x000002076445f810 code [0x000002076445fa00, 0x000002076445fe58]
Event: 204386.303 Thread 0x000002076a7fb160 13846   !   1       jdk.internal.reflect.GeneratedMethodAccessor289::invoke (45 bytes)
Event: 204386.305 Thread 0x000002076a7fb160 nmethod 13846 0x000002076445f110 code [0x000002076445f2e0, 0x000002076445f5f8]
Event: 204386.305 Thread 0x000002076a7fb160 13847   !   1       jdk.internal.reflect.GeneratedMethodAccessor290::invoke (45 bytes)
Event: 204386.308 Thread 0x000002076a7fb160 nmethod 13847 0x000002076445ea10 code [0x000002076445ebe0, 0x000002076445eef8]
Event: 204386.308 Thread 0x000002076a7fb160 13848   !   1       jdk.internal.reflect.GeneratedConstructorAccessor232::newInstance (124 bytes)
Event: 204386.317 Thread 0x000002076a7fb160 nmethod 13848 0x000002076445dc10 code [0x000002076445de20, 0x000002076445e578]
Event: 204386.317 Thread 0x000002076a7fb160 13849   !   1       jdk.internal.reflect.GeneratedMethodAccessor291::invoke (174 bytes)
Event: 204386.324 Thread 0x000002076a7fb160 nmethod 13849 0x000002076445cb10 code [0x000002076445cd60, 0x000002076445d5a8]
Event: 204386.324 Thread 0x000002076a7fb160 13850   !   1       jdk.internal.reflect.GeneratedConstructorAccessor233::newInstance (49 bytes)
Event: 204386.324 Thread 0x000002076a7fb160 nmethod 13850 0x000002076445c410 code [0x000002076445c5e0, 0x000002076445c928]
Event: 204386.324 Thread 0x000002076a7fb160 13851   !   1       jdk.internal.reflect.GeneratedMethodAccessor292::invoke (315 bytes)
Event: 204386.338 Thread 0x000002076a7fb160 nmethod 13851 0x000002076445ab10 code [0x000002076445ada0, 0x000002076445ba88]
Event: 204539.809 Thread 0x000002076a7fb160 13852       1       org.eclipse.lsp4j.adapters.DocumentChangeListAdapter::<init> (5 bytes)
Event: 204539.809 Thread 0x000002076a7fb160 nmethod 13852 0x000002076445a810 code [0x000002076445a9a0, 0x000002076445aa58]
Event: 204539.810 Thread 0x000002076a7fb160 13853       1       org.eclipse.lsp4j.adapters.DocumentChangeListAdapter::create (71 bytes)
Event: 204539.881 Thread 0x000002076a7fb160 nmethod 13853 0x0000020764459d10 code [0x0000020764459f00, 0x000002076445a5d8]
Event: 252633.478 Thread 0x000002076a7fb160 13858       1       java.util.concurrent.ConcurrentHashMap$TreeBin::<init> (258 bytes)
Event: 252633.515 Thread 0x000002076a7fb160 nmethod 13858 0x00000207638e9a90 code [0x00000207638e9c80, 0x00000207638ea338]

GC Heap History (20 events):
Event: 255185.368 GC heap before
{Heap before GC invocations=13715 (full 12705):
 garbage-first heap   total 133120K, used 47136K [0x00000000c0000000, 0x0000000100000000)
  region size 1024K, 1 young (1024K), 0 survivors (0K)
 Metaspace       used 67475K, committed 67968K, reserved 1114112K
  class space    used 8930K, committed 9152K, reserved 1048576K
}
Event: 255185.420 GC heap after
{Heap after GC invocations=13716 (full 12706):
 garbage-first heap   total 133120K, used 47136K [0x00000000c0000000, 0x0000000100000000)
  region size 1024K, 0 young (0K), 0 survivors (0K)
 Metaspace       used 67475K, committed 67968K, reserved 1114112K
  class space    used 8930K, committed 9152K, reserved 1048576K
}
Event: 255195.660 GC heap before
{Heap before GC invocations=13716 (full 12706):
 garbage-first heap   total 133120K, used 47136K [0x00000000c0000000, 0x0000000100000000)
  region size 1024K, 1 young (1024K), 0 survivors (0K)
 Metaspace       used 67475K, committed 67968K, reserved 1114112K
  class space    used 8930K, committed 9152K, reserved 1048576K
}
Event: 255195.710 GC heap after
{Heap after GC invocations=13717 (full 12707):
 garbage-first heap   total 133120K, used 47136K [0x00000000c0000000, 0x0000000100000000)
  region size 1024K, 0 young (0K), 0 survivors (0K)
 Metaspace       used 67475K, committed 67968K, reserved 1114112K
  class space    used 8930K, committed 9152K, reserved 1048576K
}
Event: 255205.887 GC heap before
{Heap before GC invocations=13717 (full 12707):
 garbage-first heap   total 133120K, used 47136K [0x00000000c0000000, 0x0000000100000000)
  region size 1024K, 1 young (1024K), 0 survivors (0K)
 Metaspace       used 67475K, committed 67968K, reserved 1114112K
  class space    used 8930K, committed 9152K, reserved 1048576K
}
Event: 255205.943 GC heap after
{Heap after GC invocations=13718 (full 12708):
 garbage-first heap   total 133120K, used 47136K [0x00000000c0000000, 0x0000000100000000)
  region size 1024K, 0 young (0K), 0 survivors (0K)
 Metaspace       used 67475K, committed 67968K, reserved 1114112K
  class space    used 8930K, committed 9152K, reserved 1048576K
}
Event: 255216.130 GC heap before
{Heap before GC invocations=13718 (full 12708):
 garbage-first heap   total 133120K, used 47136K [0x00000000c0000000, 0x0000000100000000)
  region size 1024K, 1 young (1024K), 0 survivors (0K)
 Metaspace       used 67475K, committed 67968K, reserved 1114112K
  class space    used 8930K, committed 9152K, reserved 1048576K
}
Event: 255216.181 GC heap after
{Heap after GC invocations=13719 (full 12709):
 garbage-first heap   total 133120K, used 47136K [0x00000000c0000000, 0x0000000100000000)
  region size 1024K, 0 young (0K), 0 survivors (0K)
 Metaspace       used 67475K, committed 67968K, reserved 1114112K
  class space    used 8930K, committed 9152K, reserved 1048576K
}
Event: 255226.354 GC heap before
{Heap before GC invocations=13719 (full 12709):
 garbage-first heap   total 133120K, used 47136K [0x00000000c0000000, 0x0000000100000000)
  region size 1024K, 1 young (1024K), 0 survivors (0K)
 Metaspace       used 67475K, committed 67968K, reserved 1114112K
  class space    used 8930K, committed 9152K, reserved 1048576K
}
Event: 255226.407 GC heap after
{Heap after GC invocations=13720 (full 12710):
 garbage-first heap   total 133120K, used 47136K [0x00000000c0000000, 0x0000000100000000)
  region size 1024K, 0 young (0K), 0 survivors (0K)
 Metaspace       used 67475K, committed 67968K, reserved 1114112K
  class space    used 8930K, committed 9152K, reserved 1048576K
}
Event: 255236.587 GC heap before
{Heap before GC invocations=13720 (full 12710):
 garbage-first heap   total 133120K, used 47136K [0x00000000c0000000, 0x0000000100000000)
  region size 1024K, 1 young (1024K), 0 survivors (0K)
 Metaspace       used 67475K, committed 67968K, reserved 1114112K
  class space    used 8930K, committed 9152K, reserved 1048576K
}
Event: 255236.639 GC heap after
{Heap after GC invocations=13721 (full 12711):
 garbage-first heap   total 133120K, used 47136K [0x00000000c0000000, 0x0000000100000000)
  region size 1024K, 0 young (0K), 0 survivors (0K)
 Metaspace       used 67475K, committed 67968K, reserved 1114112K
  class space    used 8930K, committed 9152K, reserved 1048576K
}
Event: 255246.970 GC heap before
{Heap before GC invocations=13721 (full 12711):
 garbage-first heap   total 133120K, used 47136K [0x00000000c0000000, 0x0000000100000000)
  region size 1024K, 1 young (1024K), 0 survivors (0K)
 Metaspace       used 67475K, committed 67968K, reserved 1114112K
  class space    used 8930K, committed 9152K, reserved 1048576K
}
Event: 255247.092 GC heap after
{Heap after GC invocations=13722 (full 12712):
 garbage-first heap   total 133120K, used 47136K [0x00000000c0000000, 0x0000000100000000)
  region size 1024K, 0 young (0K), 0 survivors (0K)
 Metaspace       used 67475K, committed 67968K, reserved 1114112K
  class space    used 8930K, committed 9152K, reserved 1048576K
}
Event: 255257.472 GC heap before
{Heap before GC invocations=13722 (full 12712):
 garbage-first heap   total 133120K, used 47136K [0x00000000c0000000, 0x0000000100000000)
  region size 1024K, 1 young (1024K), 0 survivors (0K)
 Metaspace       used 67475K, committed 67968K, reserved 1114112K
  class space    used 8930K, committed 9152K, reserved 1048576K
}
Event: 255257.538 GC heap after
{Heap after GC invocations=13723 (full 12713):
 garbage-first heap   total 133120K, used 47136K [0x00000000c0000000, 0x0000000100000000)
  region size 1024K, 0 young (0K), 0 survivors (0K)
 Metaspace       used 67475K, committed 67968K, reserved 1114112K
  class space    used 8930K, committed 9152K, reserved 1048576K
}
Event: 255268.048 GC heap before
{Heap before GC invocations=13723 (full 12713):
 garbage-first heap   total 133120K, used 47136K [0x00000000c0000000, 0x0000000100000000)
  region size 1024K, 1 young (1024K), 0 survivors (0K)
 Metaspace       used 67475K, committed 67968K, reserved 1114112K
  class space    used 8930K, committed 9152K, reserved 1048576K
}
Event: 255268.163 GC heap after
{Heap after GC invocations=13724 (full 12714):
 garbage-first heap   total 133120K, used 47136K [0x00000000c0000000, 0x0000000100000000)
  region size 1024K, 0 young (0K), 0 survivors (0K)
 Metaspace       used 67475K, committed 67968K, reserved 1114112K
  class space    used 8930K, committed 9152K, reserved 1048576K
}
Event: 255278.385 GC heap before
{Heap before GC invocations=13724 (full 12714):
 garbage-first heap   total 133120K, used 47136K [0x00000000c0000000, 0x0000000100000000)
  region size 1024K, 1 young (1024K), 0 survivors (0K)
 Metaspace       used 67475K, committed 67968K, reserved 1114112K
  class space    used 8930K, committed 9152K, reserved 1048576K
}
Event: 255278.450 GC heap after
{Heap after GC invocations=13725 (full 12715):
 garbage-first heap   total 133120K, used 47136K [0x00000000c0000000, 0x0000000100000000)
  region size 1024K, 0 young (0K), 0 survivors (0K)
 Metaspace       used 67475K, committed 67968K, reserved 1114112K
  class space    used 8930K, committed 9152K, reserved 1048576K
}

Dll operation events (10 events):
Event: 0.054 Loaded shared library c:\Users\admin\.vscode\extensions\redhat.java-1.31.0-win32-x64\jre\17.0.11-win32-x86_64\bin\java.dll
Event: 1.130 Loaded shared library C:\Users\admin\.vscode\extensions\redhat.java-1.31.0-win32-x64\jre\17.0.11-win32-x86_64\bin\net.dll
Event: 1.132 Loaded shared library C:\Users\admin\.vscode\extensions\redhat.java-1.31.0-win32-x64\jre\17.0.11-win32-x86_64\bin\nio.dll
Event: 1.930 Loaded shared library C:\Users\admin\.vscode\extensions\redhat.java-1.31.0-win32-x64\jre\17.0.11-win32-x86_64\bin\zip.dll
Event: 15.204 Loaded shared library C:\Users\admin\.vscode\extensions\redhat.java-1.31.0-win32-x64\jre\17.0.11-win32-x86_64\bin\jimage.dll
Event: 17.507 Loaded shared library c:\Users\admin\.vscode\extensions\redhat.java-1.31.0-win32-x64\jre\17.0.11-win32-x86_64\bin\verify.dll
Event: 26.233 Loaded shared library C:\Users\admin\.vscode\extensions\redhat.java-1.31.0-win32-x64\jre\17.0.11-win32-x86_64\bin\management.dll
Event: 26.235 Loaded shared library C:\Users\admin\.vscode\extensions\redhat.java-1.31.0-win32-x64\jre\17.0.11-win32-x86_64\bin\management_ext.dll
Event: 28.181 Loaded shared library C:\Users\admin\.vscode\extensions\redhat.java-1.31.0-win32-x64\jre\17.0.11-win32-x86_64\bin\sunmscapi.dll
Event: 28.517 Loaded shared library C:\Users\admin\.vscode\extensions\redhat.java-1.31.0-win32-x64\jre\17.0.11-win32-x86_64\bin\extnet.dll

Deoptimization events (20 events):
Event: 312.136 Thread 0x00000207704503f0 DEOPT PACKING pc=0x00000207631d928c sp=0x0000007702ffec40
Event: 312.136 Thread 0x00000207704503f0 DEOPT UNPACKING pc=0x00000207629f7143 sp=0x0000007702ffe1a8 mode 0
Event: 312.136 Thread 0x00000207704503f0 DEOPT PACKING pc=0x00000207632cebcc sp=0x0000007702ffed70
Event: 312.136 Thread 0x00000207704503f0 DEOPT UNPACKING pc=0x00000207629f7143 sp=0x0000007702ffe268 mode 0
Event: 1500.082 Thread 0x00000207704e8a00 DEOPT PACKING pc=0x000002076364af7c sp=0x00000077024fdee0
Event: 1500.083 Thread 0x00000207704e8a00 DEOPT UNPACKING pc=0x00000207629f7143 sp=0x00000077024fd470 mode 0
Event: 1635.242 Thread 0x00000207704e6690 DEOPT PACKING pc=0x0000020763651cb4 sp=0x0000007701bfe250
Event: 1635.243 Thread 0x00000207704e6690 DEOPT UNPACKING pc=0x00000207629f7143 sp=0x0000007701bfd7a0 mode 0
Event: 2814.301 Thread 0x00000207704e5c70 DEOPT PACKING pc=0x0000020763ba4454 sp=0x0000007701bfdef0
Event: 2814.301 Thread 0x00000207704e5c70 DEOPT UNPACKING pc=0x00000207629f7143 sp=0x0000007701bfd428 mode 0
Event: 2814.302 Thread 0x00000207704e5c70 DEOPT PACKING pc=0x0000020763b9c1fc sp=0x0000007701bfe030
Event: 2814.302 Thread 0x00000207704e5c70 DEOPT UNPACKING pc=0x00000207629f7143 sp=0x0000007701bfd5d8 mode 0
Event: 5148.422 Thread 0x00000207704e7ad0 DEOPT PACKING pc=0x0000020762e221c2 sp=0x0000007702bfdc00
Event: 5148.424 Thread 0x00000207704e7ad0 DEOPT UNPACKING pc=0x00000207629f7143 sp=0x0000007702bfd108 mode 3
Event: 5452.044 Thread 0x00000207704eb280 DEOPT PACKING pc=0x000002076345f32c sp=0x00000077024fe010
Event: 5452.044 Thread 0x00000207704eb280 DEOPT UNPACKING pc=0x00000207629f7143 sp=0x00000077024fd4c0 mode 0
Event: 7478.704 Thread 0x00000207704eb280 DEOPT PACKING pc=0x00000207635ed926 sp=0x00000077037fe230
Event: 7478.706 Thread 0x00000207704eb280 DEOPT UNPACKING pc=0x00000207629f7143 sp=0x00000077037fd7b8 mode 0
Event: 75730.715 Thread 0x000002077044efb0 DEOPT PACKING pc=0x000002076355733c sp=0x0000007700bfd8c0
Event: 75730.716 Thread 0x000002077044efb0 DEOPT UNPACKING pc=0x00000207629f7143 sp=0x0000007700bfcda8 mode 0

Classes unloaded (20 events):
Event: 196357.925 Thread 0x000002076a685d30 Unloading class 0x00000001008ed800 'jdk/internal/reflect/GeneratedMethodAccessor279'
Event: 196357.925 Thread 0x000002076a685d30 Unloading class 0x00000001008ed400 'jdk/internal/reflect/GeneratedMethodAccessor278'
Event: 203742.727 Thread 0x000002076a685d30 Unloading class 0x00000001008ecc00 'jdk/internal/reflect/GeneratedMethodAccessor287'
Event: 203742.727 Thread 0x000002076a685d30 Unloading class 0x00000001008ec800 'jdk/internal/reflect/GeneratedConstructorAccessor231'
Event: 203742.727 Thread 0x000002076a685d30 Unloading class 0x00000001008ec400 'jdk/internal/reflect/GeneratedMethodAccessor286'
Event: 203742.727 Thread 0x000002076a685d30 Unloading class 0x00000001008ec000 'jdk/internal/reflect/GeneratedConstructorAccessor230'
Event: 203742.727 Thread 0x000002076a685d30 Unloading class 0x00000001008edc00 'jdk/internal/reflect/GeneratedMethodAccessor285'
Event: 203742.727 Thread 0x000002076a685d30 Unloading class 0x00000001008ed800 'jdk/internal/reflect/GeneratedMethodAccessor284'
Event: 203742.727 Thread 0x000002076a685d30 Unloading class 0x00000001008ed400 'jdk/internal/reflect/GeneratedMethodAccessor283'
Event: 204608.719 Thread 0x000002076a685d30 Unloading class 0x00000001008eec00 'java/lang/invoke/LambdaForm$MH+0x00000001008eec00'
Event: 204608.719 Thread 0x000002076a685d30 Unloading class 0x00000001008ee800 'java/lang/invoke/LambdaForm$MH+0x00000001008ee800'
Event: 204608.719 Thread 0x000002076a685d30 Unloading class 0x00000001008ee400 'java/lang/invoke/LambdaForm$MH+0x00000001008ee400'
Event: 204651.055 Thread 0x000002076a685d30 Unloading class 0x00000001008ee000 'jdk/internal/reflect/GeneratedConstructorAccessor234'
Event: 204671.468 Thread 0x000002076a685d30 Unloading class 0x00000001008ecc00 'jdk/internal/reflect/GeneratedMethodAccessor292'
Event: 204671.468 Thread 0x000002076a685d30 Unloading class 0x00000001008ec800 'jdk/internal/reflect/GeneratedConstructorAccessor233'
Event: 204671.468 Thread 0x000002076a685d30 Unloading class 0x00000001008ec400 'jdk/internal/reflect/GeneratedMethodAccessor291'
Event: 204671.468 Thread 0x000002076a685d30 Unloading class 0x00000001008ec000 'jdk/internal/reflect/GeneratedConstructorAccessor232'
Event: 204671.469 Thread 0x000002076a685d30 Unloading class 0x00000001008edc00 'jdk/internal/reflect/GeneratedMethodAccessor290'
Event: 204671.469 Thread 0x000002076a685d30 Unloading class 0x00000001008ed800 'jdk/internal/reflect/GeneratedMethodAccessor289'
Event: 204671.469 Thread 0x000002076a685d30 Unloading class 0x00000001008ed400 'jdk/internal/reflect/GeneratedMethodAccessor288'

Classes redefined (0 events):
No events

Internal exceptions (20 events):
Event: 158942.793 Thread 0x000002077062fc30 Exception <a 'java/lang/NullPointerException'{0x00000000c7f80728}> (0x00000000c7f80728) 
thrown [s\src\hotspot\share\runtime\sharedRuntime.cpp, line 631]
Event: 164766.215 Thread 0x0000020770630b60 Exception <a 'java/lang/ArrayIndexOutOfBoundsException'{0x00000000d168af48}> (0x00000000d168af48) 
thrown [s\src\hotspot\share\runtime\sharedRuntime.cpp, line 631]
Event: 164767.738 Thread 0x00000207716078a0 Implicit null exception at 0x0000020763d080b7 to 0x0000020763d081da
Event: 164767.744 Thread 0x00000207716078a0 Exception <a 'java/lang/NullPointerException'{0x00000000d18b0b20}> (0x00000000d18b0b20) 
thrown [s\src\hotspot\share\runtime\sharedRuntime.cpp, line 631]
Event: 165699.734 Thread 0x00000207712b9760 Implicit null exception at 0x0000020763d080b7 to 0x0000020763d081da
Event: 165699.902 Thread 0x00000207712b9760 Exception <a 'java/lang/NullPointerException'{0x00000000c70f3e98}> (0x00000000c70f3e98) 
thrown [s\src\hotspot\share\runtime\sharedRuntime.cpp, line 631]
Event: 171157.084 Thread 0x0000020770630650 Implicit null exception at 0x0000020763d080b7 to 0x0000020763d081da
Event: 171157.085 Thread 0x0000020770630650 Exception <a 'java/lang/NullPointerException'{0x00000000c5e981a8}> (0x00000000c5e981a8) 
thrown [s\src\hotspot\share\runtime\sharedRuntime.cpp, line 631]
Event: 171282.600 Thread 0x000002076fa65590 Exception <a 'sun/nio/fs/WindowsException'{0x00000000c54d2e28}> (0x00000000c54d2e28) 
thrown [s\src\hotspot\share\prims\jni.cpp, line 516]
Event: 171282.604 Thread 0x000002076fa65590 Exception <a 'sun/nio/fs/WindowsException'{0x00000000c54d36b0}> (0x00000000c54d36b0) 
thrown [s\src\hotspot\share\prims\jni.cpp, line 516]
Event: 190353.405 Thread 0x000002076fa65590 Exception <a 'sun/nio/fs/WindowsException'{0x00000000c850f268}> (0x00000000c850f268) 
thrown [s\src\hotspot\share\prims\jni.cpp, line 516]
Event: 190353.409 Thread 0x000002076fa65590 Exception <a 'sun/nio/fs/WindowsException'{0x00000000c850faf0}> (0x00000000c850faf0) 
thrown [s\src\hotspot\share\prims\jni.cpp, line 516]
Event: 190970.668 Thread 0x000002076fa65590 Exception <a 'sun/nio/fs/WindowsException'{0x00000000c7b0f398}> (0x00000000c7b0f398) 
thrown [s\src\hotspot\share\prims\jni.cpp, line 516]
Event: 190970.671 Thread 0x000002076fa65590 Exception <a 'sun/nio/fs/WindowsException'{0x00000000c7b0fc20}> (0x00000000c7b0fc20) 
thrown [s\src\hotspot\share\prims\jni.cpp, line 516]
Event: 195943.012 Thread 0x000002076fa65590 Exception <a 'sun/nio/fs/WindowsException'{0x00000000c848ae80}> (0x00000000c848ae80) 
thrown [s\src\hotspot\share\prims\jni.cpp, line 516]
Event: 195943.013 Thread 0x000002076fa65590 Exception <a 'sun/nio/fs/WindowsException'{0x00000000c848b358}> (0x00000000c848b358) 
thrown [s\src\hotspot\share\prims\jni.cpp, line 516]
Event: 196082.103 Thread 0x000002076fa65590 Exception <a 'sun/nio/fs/WindowsException'{0x00000000c6b963b0}> (0x00000000c6b963b0) 
thrown [s\src\hotspot\share\prims\jni.cpp, line 516]
Event: 196082.108 Thread 0x000002076fa65590 Exception <a 'sun/nio/fs/WindowsException'{0x00000000c6b96ac8}> (0x00000000c6b96ac8) 
thrown [s\src\hotspot\share\prims\jni.cpp, line 516]
Event: 196082.108 Thread 0x000002076fa65590 Exception <a 'sun/nio/fs/WindowsException'{0x00000000c6b97af0}> (0x00000000c6b97af0) 
thrown [s\src\hotspot\share\prims\jni.cpp, line 516]
Event: 196082.108 Thread 0x000002076fa65590 Exception <a 'sun/nio/fs/WindowsException'{0x00000000c6b98218}> (0x00000000c6b98218) 
thrown [s\src\hotspot\share\prims\jni.cpp, line 516]

VM Operations (20 events):
Event: 255185.420 Executing VM operation: G1CollectFull done
Event: 255195.660 Executing VM operation: G1CollectFull
Event: 255195.711 Executing VM operation: G1CollectFull done
Event: 255205.887 Executing VM operation: G1CollectFull
Event: 255205.943 Executing VM operation: G1CollectFull done
Event: 255216.129 Executing VM operation: G1CollectFull
Event: 255216.181 Executing VM operation: G1CollectFull done
Event: 255226.354 Executing VM operation: G1CollectFull
Event: 255226.408 Executing VM operation: G1CollectFull done
Event: 255236.587 Executing VM operation: G1CollectFull
Event: 255236.639 Executing VM operation: G1CollectFull done
Event: 255246.969 Executing VM operation: G1CollectFull
Event: 255247.092 Executing VM operation: G1CollectFull done
Event: 255257.471 Executing VM operation: G1CollectFull
Event: 255257.538 Executing VM operation: G1CollectFull done
Event: 255268.047 Executing VM operation: G1CollectFull
Event: 255268.163 Executing VM operation: G1CollectFull done
Event: 255278.385 Executing VM operation: G1CollectFull
Event: 255278.450 Executing VM operation: G1CollectFull done
Event: 255289.434 Executing VM operation: G1CollectFull

Events (20 events):
Event: 254395.740 Thread 0x000002077044f9d0 Thread added: 0x000002077044f9d0
Event: 254396.690 Thread 0x00000207705f57d0 Thread added: 0x00000207705f57d0
Event: 254397.113 Thread 0x000002077044e080 Thread added: 0x000002077044e080
Event: 254407.455 Thread 0x0000020770450e10 Thread added: 0x0000020770450e10
Event: 254407.465 Thread 0x000002077044efb0 Thread added: 0x000002077044efb0
Event: 254407.467 Thread 0x000002077044e590 Thread added: 0x000002077044e590
Event: 254407.468 Thread 0x0000020770451830 Thread added: 0x0000020770451830
Event: 254407.471 Thread 0x000002077112b140 Thread added: 0x000002077112b140
Event: 254407.471 Thread 0x000002077044f4c0 Thread added: 0x000002077044f4c0
Event: 254407.472 Thread 0x000002077112b650 Thread added: 0x000002077112b650
Event: 254463.288 Thread 0x00000207705f57d0 Thread exited: 0x00000207705f57d0
Event: 254467.543 Thread 0x000002077044e590 Thread exited: 0x000002077044e590
Event: 254467.543 Thread 0x000002077044f9d0 Thread exited: 0x000002077044f9d0
Event: 254467.543 Thread 0x000002077112b650 Thread exited: 0x000002077112b650
Event: 254467.543 Thread 0x0000020770450e10 Thread exited: 0x0000020770450e10
Event: 254467.543 Thread 0x000002077112b140 Thread exited: 0x000002077112b140
Event: 254471.025 Thread 0x000002077044f4c0 Thread exited: 0x000002077044f4c0
Event: 254471.073 Thread 0x000002077044efb0 Thread exited: 0x000002077044efb0
Event: 254531.061 Thread 0x0000020770451830 Thread exited: 0x0000020770451830
Event: 254591.070 Thread 0x000002077044e080 Thread exited: 0x000002077044e080


Dynamic libraries:
0x00007ff7f2720000 - 0x00007ff7f272e000 	c:\Users\admin\.vscode\extensions\redhat.java-1.31.0-win32-x64\jre\17.0.11-win32-x86_64\bin\java.exe
0x00007fff90bf0000 - 0x00007fff90e07000 	C:\WINDOWS\SYSTEM32\ntdll.dll
0x00007fff8fc90000 - 0x00007fff8fd54000 	C:\WINDOWS\System32\KERNEL32.DLL
0x00007fff8e150000 - 0x00007fff8e4f7000 	C:\WINDOWS\System32\KERNELBASE.dll
0x00007fff8e500000 - 0x00007fff8e611000 	C:\WINDOWS\System32\ucrtbase.dll
0x00007fff77830000 - 0x00007fff77847000 	c:\Users\admin\.vscode\extensions\redhat.java-1.31.0-win32-x64\jre\17.0.11-win32-x86_64\bin\jli.dll
0x00007fff8eb70000 - 0x00007fff8ed1e000 	C:\WINDOWS\System32\USER32.dll
0x00007fff8e620000 - 0x00007fff8e646000 	C:\WINDOWS\System32\win32u.dll
0x00007fff90b80000 - 0x00007fff90ba9000 	C:\WINDOWS\System32\GDI32.dll
0x00007fff8e6d0000 - 0x00007fff8e7e9000 	C:\WINDOWS\System32\gdi32full.dll
0x00007fff8df40000 - 0x00007fff8dfda000 	C:\WINDOWS\System32\msvcp_win.dll
0x00007fff76da0000 - 0x00007fff76dbb000 	c:\Users\admin\.vscode\extensions\redhat.java-1.31.0-win32-x64\jre\17.0.11-win32-x86_64\bin\VCRUNTIME140.dll
0x00007fff8d430000 - 0x00007fff8d6c3000 	C:\WINDOWS\WinSxS\amd64_microsoft.windows.common-controls_6595b64144ccf1df_6.0.22621.3527_none_270e469b73872a76\COMCTL32.dll
0x00007fff8f580000 - 0x00007fff8f627000 	C:\WINDOWS\System32\msvcrt.dll
0x00007fff90a80000 - 0x00007fff90ab1000 	C:\WINDOWS\System32\IMM32.DLL
0x00007fff88660000 - 0x00007fff8866c000 	c:\Users\admin\.vscode\extensions\redhat.java-1.31.0-win32-x64\jre\17.0.11-win32-x86_64\bin\vcruntime140_1.dll
0x00007fff6b390000 - 0x00007fff6b41d000 	c:\Users\admin\.vscode\extensions\redhat.java-1.31.0-win32-x64\jre\17.0.11-win32-x86_64\bin\msvcp140.dll
0x00007ffeebb20000 - 0x00007ffeec782000 	c:\Users\admin\.vscode\extensions\redhat.java-1.31.0-win32-x64\jre\17.0.11-win32-x86_64\bin\server\jvm.dll
0x00007fff90ac0000 - 0x00007fff90b72000 	C:\WINDOWS\System32\ADVAPI32.dll
0x00007fff8f7d0000 - 0x00007fff8f878000 	C:\WINDOWS\System32\sechost.dll
0x00007fff8df10000 - 0x00007fff8df38000 	C:\WINDOWS\System32\bcrypt.dll
0x00007fff8fb70000 - 0x00007fff8fc85000 	C:\WINDOWS\System32\RPCRT4.dll
0x00007fff8d7e0000 - 0x00007fff8d82d000 	C:\WINDOWS\SYSTEM32\POWRPROF.dll
0x00007fff71d60000 - 0x00007fff71d69000 	C:\WINDOWS\SYSTEM32\WSOCK32.dll
0x00007fff8e930000 - 0x00007fff8e9a1000 	C:\WINDOWS\System32\WS2_32.dll
0x00007fff83820000 - 0x00007fff83854000 	C:\WINDOWS\SYSTEM32\WINMM.dll
0x00007fff8c750000 - 0x00007fff8c75a000 	C:\WINDOWS\SYSTEM32\VERSION.dll
0x00007fff8d6d0000 - 0x00007fff8d6e3000 	C:\WINDOWS\SYSTEM32\UMPDC.dll
0x00007fff8c080000 - 0x00007fff8c098000 	C:\WINDOWS\SYSTEM32\kernel.appcore.dll
0x00007fff86de0000 - 0x00007fff86dea000 	c:\Users\admin\.vscode\extensions\redhat.java-1.31.0-win32-x64\jre\17.0.11-win32-x86_64\bin\jimage.dll
0x00007fff8d870000 - 0x00007fff8daa2000 	C:\WINDOWS\SYSTEM32\DBGHELP.DLL
0x00007fff902f0000 - 0x00007fff90678000 	C:\WINDOWS\System32\combase.dll
0x00007fff8f630000 - 0x00007fff8f707000 	C:\WINDOWS\System32\OLEAUT32.dll
0x00007fff8d710000 - 0x00007fff8d742000 	C:\WINDOWS\SYSTEM32\dbgcore.DLL
0x00007fff8e650000 - 0x00007fff8e6c9000 	C:\WINDOWS\System32\bcryptPrimitives.dll
0x00007fff73150000 - 0x00007fff73175000 	c:\Users\admin\.vscode\extensions\redhat.java-1.31.0-win32-x64\jre\17.0.11-win32-x86_64\bin\java.dll
0x00007fff76ba0000 - 0x00007fff76bb8000 	c:\Users\admin\.vscode\extensions\redhat.java-1.31.0-win32-x64\jre\17.0.11-win32-x86_64\bin\zip.dll
0x00007fff8ed20000 - 0x00007fff8f57c000 	C:\WINDOWS\System32\SHELL32.dll
0x00007fff8aef0000 - 0x00007fff8b7e6000 	C:\WINDOWS\SYSTEM32\windows.storage.dll
0x00007fff8adb0000 - 0x00007fff8aeee000 	C:\WINDOWS\SYSTEM32\wintypes.dll
0x00007fff90710000 - 0x00007fff90805000 	C:\WINDOWS\System32\SHCORE.dll
0x00007fff8fb10000 - 0x00007fff8fb6e000 	C:\WINDOWS\System32\shlwapi.dll
0x00007fff8de40000 - 0x00007fff8de61000 	C:\WINDOWS\SYSTEM32\profapi.dll
0x00007fff76350000 - 0x00007fff76369000 	C:\Users\admin\.vscode\extensions\redhat.java-1.31.0-win32-x64\jre\17.0.11-win32-x86_64\bin\net.dll
0x00007fff85a70000 - 0x00007fff85ba6000 	C:\WINDOWS\SYSTEM32\WINHTTP.dll
0x00007fff8c460000 - 0x00007fff8c4c9000 	C:\WINDOWS\system32\mswsock.dll
0x00007fff73fb0000 - 0x00007fff73fc6000 	C:\Users\admin\.vscode\extensions\redhat.java-1.31.0-win32-x64\jre\17.0.11-win32-x86_64\bin\nio.dll
0x00007fff84230000 - 0x00007fff84240000 	c:\Users\admin\.vscode\extensions\redhat.java-1.31.0-win32-x64\jre\17.0.11-win32-x86_64\bin\verify.dll
0x00007fff8dba0000 - 0x00007fff8dbbb000 	C:\WINDOWS\SYSTEM32\CRYPTSP.dll
0x00007fff8bfc0000 - 0x00007fff8bff5000 	C:\WINDOWS\system32\rsaenh.dll
0x00007fff8c560000 - 0x00007fff8c588000 	C:\WINDOWS\SYSTEM32\USERENV.dll
0x00007fff8c6c0000 - 0x00007fff8c6cc000 	C:\WINDOWS\SYSTEM32\CRYPTBASE.dll
0x00007fff8ba50000 - 0x00007fff8ba7d000 	C:\WINDOWS\SYSTEM32\IPHLPAPI.DLL
0x00007fff90a70000 - 0x00007fff90a79000 	C:\WINDOWS\System32\NSI.dll
0x00007fff86a40000 - 0x00007fff86a59000 	C:\WINDOWS\SYSTEM32\dhcpcsvc6.DLL
0x00007fff85a30000 - 0x00007fff85a4f000 	C:\WINDOWS\SYSTEM32\dhcpcsvc.DLL
0x00007fff8ba80000 - 0x00007fff8bb78000 	C:\WINDOWS\SYSTEM32\DNSAPI.dll
0x00007fff79320000 - 0x00007fff79329000 	C:\Users\admin\.vscode\extensions\redhat.java-1.31.0-win32-x64\jre\17.0.11-win32-x86_64\bin\management.dll
0x00007fff78f80000 - 0x00007fff78f8b000 	C:\Users\admin\.vscode\extensions\redhat.java-1.31.0-win32-x64\jre\17.0.11-win32-x86_64\bin\management_ext.dll
0x00007fff8e920000 - 0x00007fff8e928000 	C:\WINDOWS\System32\PSAPI.DLL
0x00007fff84200000 - 0x00007fff8420e000 	C:\Users\admin\.vscode\extensions\redhat.java-1.31.0-win32-x64\jre\17.0.11-win32-x86_64\bin\sunmscapi.dll
0x00007fff8dfe0000 - 0x00007fff8e148000 	C:\WINDOWS\System32\CRYPT32.dll
0x00007fff8d120000 - 0x00007fff8d14e000 	C:\WINDOWS\SYSTEM32\ncrypt.dll
0x00007fff8d030000 - 0x00007fff8d067000 	C:\WINDOWS\SYSTEM32\NTASN1.dll
0x0000000068470000 - 0x0000000068496000 	C:\Program Files\Bonjour\mdnsNSP.dll
0x00007fff80dc0000 - 0x00007fff80dca000 	C:\Windows\System32\rasadhlp.dll
0x00007fff83710000 - 0x00007fff83793000 	C:\WINDOWS\System32\fwpuclnt.dll
0x00007fff841f0000 - 0x00007fff841f9000 	C:\Users\admin\.vscode\extensions\redhat.java-1.31.0-win32-x64\jre\17.0.11-win32-x86_64\bin\extnet.dll

dbghelp: loaded successfully - version: 4.0.5 - missing functions: none
symbol engine: initialized successfully - sym options: 0x614 - pdb path: .;c:\Users\admin\.vscode\extensions\redhat.java-1.31.0-win32-x64\jre\17.0.11-win32-x86_64\bin;C:\WINDOWS\SYSTEM32;C:\WINDOWS\WinSxS\amd64_microsoft.windows.common-controls_6595b64144ccf1df_6.0.22621.3527_none_270e469b73872a76;c:\Users\admin\.vscode\extensions\redhat.java-1.31.0-win32-x64\jre\17.0.11-win32-x86_64\bin\server;C:\Program Files\Bonjour

VM Arguments:
jvm_args: -Xmx1024m -Dsts.lsp.client=vscode -Dsts.log.file=/dev/null -XX:TieredStopAtLevel=1 -Xlog:jni+resolve=off -Dspring.config.location=file:c:\Users\admin\.vscode\extensions\vmware.vscode-spring-boot-1.55.0\language-server\BOOT-INF\classes\application.properties 
java_command: org.springframework.ide.vscode.boot.app.BootLanguageServerBootApp
java_class_path (initial): c:\Users\admin\.vscode\extensions\vmware.vscode-spring-boot-1.55.0\language-server\BOOT-INF\classes;c:\Users\admin\.vscode\extensions\vmware.vscode-spring-boot-1.55.0\language-server\BOOT-INF\lib\annotations-24.1.0.jar;c:\Users\admin\.vscode\extensions\vmware.vscode-spring-boot-1.55.0\language-server\BOOT-INF\lib\antlr4-runtime-4.13.1.jar;c:\Users\admin\.vscode\extensions\vmware.vscode-spring-boot-1.55.0\language-server\BOOT-INF\lib\asm-9.7.jar;c:\Users\admin\.vscode\extensions\vmware.vscode-spring-boot-1.55.0\language-server\BOOT-INF\lib\asm-analysis-9.7.jar;c:\Users\admin\.vscode\extensions\vmware.vscode-spring-boot-1.55.0\language-server\BOOT-INF\lib\asm-tree-9.7.jar;c:\Users\admin\.vscode\extensions\vmware.vscode-spring-boot-1.55.0\language-server\BOOT-INF\lib\asm-util-9.7.jar;c:\Users\admin\.vscode\extensions\vmware.vscode-spring-boot-1.55.0\language-server\BOOT-INF\lib\caffeine-3.1.8.jar;c:\Users\admin\.vscode\extensions\vmware.vscode-spring-boot-1.55.0\language-server\BOOT-INF\lib\checker-qual-3.12.0.jar;c:\Users\admin\.vscode\extensions\vmware.vscode-spring-boot-1.55.0\language-server\BOOT-INF\lib\classgraph-4.8.149.jar;c:\Users\admin\.vscode\extensions\vmware.vscode-spring-boot-1.55.0\language-server\BOOT-INF\lib\commons-codec-1.16.1.jar;c:\Users\admin\.vscode\extensions\vmware.vscode-spring-boot-1.55.0\language-server\BOOT-INF\lib\commons-compress-1.26.1.jar;c:\Users\admin\.vscode\extensions\vmware.vscode-spring-boot-1.55.0\language-server\BOOT-INF\lib\commons-io-2.16.1.jar;c:\Users\admin\.vscode\extensions\vmware.vscode-spring-boot-1.55.0\language-server\BOOT-INF\lib\commons-java-1.55.0-SNAPSHOT.jar;c:\Users\admin\.vscode\extensions\vmware.vscode-spring-boot-1.55.0\language-server\BOOT-INF\lib\commons-lang3-3.14.0.jar;c:\Users\admin\.vscode\extensions\vmware.vscode-spring-boot-1.55.0\language-server\BOOT-INF\lib\commons-language-server-1.55.0-SNAPSHOT.jar;c:\Users\admin\.vscode\extensions\vmware.vscode-spring-boot-1.55.0\langu
Launcher Type: SUN_STANDARD

[Global flags]
     intx CICompilerCount                          = 3                                         {product} {ergonomic}
     uint ConcGCThreads                            = 2                                         {product} {ergonomic}
     uint G1ConcRefinementThreads                  = 6                                         {product} {ergonomic}
   size_t G1HeapRegionSize                         = 1048576                                   {product} {ergonomic}
    uintx GCDrainStackTargetSize                   = 64                                        {product} {ergonomic}
   size_t InitialHeapSize                          = 125829120                                 {product} {ergonomic}
   size_t MarkStackSize                            = 4194304                                   {product} {ergonomic}
   size_t MaxHeapSize                              = 1073741824                                {product} {command line}
   size_t MaxNewSize                               = 643825664                                 {product} {ergonomic}
   size_t MinHeapDeltaBytes                        = 1048576                                   {product} {ergonomic}
   size_t MinHeapSize                              = 8388608                                   {product} {ergonomic}
    uintx NonProfiledCodeHeapSize                  = 0                                      {pd product} {ergonomic}
     bool ProfileInterpreter                       = false                                  {pd product} {command line}
    uintx ProfiledCodeHeapSize                     = 0                                      {pd product} {ergonomic}
   size_t SoftMaxHeapSize                          = 1073741824                             {manageable} {ergonomic}
     intx TieredStopAtLevel                        = 1                                         {product} {command line}
     bool UseCompressedClassPointers               = true                           {product lp64_product} {ergonomic}
     bool UseCompressedOops                        = true                           {product lp64_product} {ergonomic}
     bool UseG1GC                                  = true                                      {product} {ergonomic}
     bool UseLargePagesIndividualAllocation        = false                                  {pd product} {ergonomic}

Logging:
Log output configuration:
 #0: stdout all=warning,jni+resolve=off uptime,level,tags
 #1: stderr all=off uptime,level,tags

Environment Variables:
JAVA_HOME=C:\Program Files\Java\jdk-20
PATH=C:\Python312\Scripts\;C:\Python312\;C:\Program Files\Common Files\Oracle\Java\javapath;C:\Program Files (x86)\Common Files\Oracle\Java\javapath;C:\Program Files\Java\jdk-20\bin;C:\Program Files\Eclipse Adoptium\jdk-21.0.1.12-hotspot\bin;C:\ProgramData\Oracle\Java\javapath;C:\Program Files (x86)\VMware\VMware Workstation\bin\;C:\Windows\system32;C:\Windows;C:\Windows\System32\Wbem;C:\Windows\System32\WindowsPowerShell\v1.0\;C:\Windows\System32\OpenSSH\;C:\Program Files (x86)\NVIDIA Corporation\PhysX\Common;C:\WINDOWS\system32;C:\WINDOWS;C:\WINDOWS\System32\Wbem;C:\WINDOWS\System32\WindowsPowerShell\v1.0\;C:\WINDOWS\System32\OpenSSH\;C:\Program Files\Microsoft SQL Server\Client SDK\ODBC\170\Tools\Binn\;C:\Program Files (x86)\Microsoft SQL Server\150\Tools\Binn\;C:\Program Files\Microsoft SQL Server\150\Tools\Binn\;C:\Program Files\Microsoft SQL Server\150\DTS\Binn\;C:\Program Files\Azure Data Studio\bin;C:\Users\admin\OneDrive\My tnh\FPT Spring 2024\apache-maven-3.9.6\bin;C:\Program Files\Java\jdk-20\bin;C:\Program Files (x86)\Microsoft SQL Server\160\Tools\Binn\;C:\Program Files\Microsoft SQL Server\160\Tools\Binn\;C:\Program Files\Microsoft SQL Server\160\DTS\Binn\;C:\Program Files (x86)\Microsoft SQL Server\160\DTS\Binn\;C:\Program Files\dotnet\;C:\Program Files\nodejs\;C:\ProgramData\chocolatey\bin;C:\Program Files\Git\cmd;C:\Program Files\Docker\Docker\resources\bin;C:\Program Files\apache-maven-3.9.7\bin;C:\Users\admin\AppData\Local\Microsoft\WindowsApps;C:\Users\admin\AppData\Local\Programs\Microsoft VS Code\bin;C:\Program Files\Azure Data Studio\bin;C:\Users\admin\.dotnet\tools;C:\Program Files\dotnet\sdk\8.0.204;C:\Users\admin\AppData\Roaming\npm;C:\Program Files\JetBrains\IntelliJ IDEA 2024.1.3\bin;
USERNAME=admin
OS=Windows_NT
PROCESSOR_IDENTIFIER=AMD64 Family 23 Model 96 Stepping 1, AuthenticAMD
TMP=C:\Users\admin\AppData\Local\Temp
TEMP=C:\Users\admin\AppData\Local\Temp



Periodic native trim disabled


---------------  S Y S T E M  ---------------

OS:
 Windows 11 , 64 bit Build 22621 (10.0.22621.3527)
OS uptime: 6 days 5:22 hours
Hyper-V role detected

CPU: total 6 (initial active 6) (6 cores per cpu, 1 threads per core) family 23 model 96 stepping 1 microcode 0x0, cx8, cmov, fxsr, mmx, 3dnowpref, sse, sse2, sse3, ssse3, sse4a, sse4.1, sse4.2, popcnt, lzcnt, tsc, tscinvbit, avx, avx2, aes, clmul, bmi1, bmi2, adx, sha, fma, vzeroupper, clflush, clflushopt, hv
Processor Information for all 6 processors :
  Max Mhz: 2375, Current Mhz: 2375, Mhz Limit: 2375

Memory: 4k page, system-wide physical 7600M (339M free)
TotalPageFile size 31152M (AvailPageFile size 21M)
current process WorkingSet (physical memory assigned to process): 95M, peak: 341M
current process commit charge ("private bytes"): 333M, peak: 508M

vm_info: OpenJDK 64-Bit Server VM (17.0.11+9) for windows-amd64 JRE (17.0.11+9), built on Apr 17 2024 06:07:48 by "admin" with MS VC++ 16.10 / 16.11 (VS2019)

END.
